 
****************************************
Report : area
Design : LCD_CTRL
Version: Q-2019.12
Date   : Thu Jun 17 14:20:51 2021
****************************************

Library(s) Used:

    slow (File: /usr/cad/CBDK_IC_Contest_v2.1/SynopsysDC/db/slow.db)

Number of ports:                           38
Number of nets:                          7061
Number of cells:                         6616
Number of combinational cells:           6079
Number of sequential cells:               537
Number of macros/black boxes:               0
Number of buf/inv:                        560
Number of references:                     115

Combinational area:              49744.004806
Buf/Inv area:                     3848.005801
Noncombinational area:           17340.637833
Macro/Black Box area:                0.000000
Net Interconnect area:          928717.970428

Total cell area:                 67084.642638
Total area:                     995802.613067
1
